<?xml version="1.0" encoding="UTF-8"?>
<testsuite xmlns:xsi="http://www.w3.org/2001/XMLSchema-instance" xsi:noNamespaceSchemaLocation="https://maven.apache.org/surefire/maven-surefire-plugin/xsd/surefire-test-report.xsd" name="com.example.ProviderScoops.ProviderScoopsApplicationTests" time="5.079" tests="1" errors="0" skipped="0" failures="0">
  <properties>
    <property name="java.specification.version" value="17"/>
    <property name="sun.cpu.isalist" value="amd64"/>
    <property name="sun.jnu.encoding" value="Cp1252"/>
    <property name="java.class.path" value="C:\Users\evivekc\Downloads\ProviderFeedbackScoops-master\ProviderScoops\target\test-classes;C:\Users\evivekc\Downloads\ProviderFeedbackScoops-master\ProviderScoops\target\classes;C:\Users\evivekc\.m2\repo1\m3-3.5.4\org\springframework\boot\spring-boot-starter-data-mongodb\3.0.9\spring-boot-starter-data-mongodb-3.0.9.jar;C:\Users\evivekc\.m2\repo1\m3-3.5.4\org\springframework\boot\spring-boot-starter\3.0.9\spring-boot-starter-3.0.9.jar;C:\Users\evivekc\.m2\repo1\m3-3.5.4\org\springframework\boot\spring-boot\3.0.9\spring-boot-3.0.9.jar;C:\Users\evivekc\.m2\repo1\m3-3.5.4\org\springframework\boot\spring-boot-autoconfigure\3.0.9\spring-boot-autoconfigure-3.0.9.jar;C:\Users\evivekc\.m2\repo1\m3-3.5.4\org\springframework\boot\spring-boot-starter-logging\3.0.9\spring-boot-starter-logging-3.0.9.jar;C:\Users\evivekc\.m2\repo1\m3-3.5.4\ch\qos\logback\logback-classic\1.4.8\logback-classic-1.4.8.jar;C:\Users\evivekc\.m2\repo1\m3-3.5.4\ch\qos\logback\logback-core\1.4.8\logback-core-1.4.8.jar;C:\Users\evivekc\.m2\repo1\m3-3.5.4\org\apache\logging\log4j\log4j-to-slf4j\2.19.0\log4j-to-slf4j-2.19.0.jar;C:\Users\evivekc\.m2\repo1\m3-3.5.4\org\apache\logging\log4j\log4j-api\2.19.0\log4j-api-2.19.0.jar;C:\Users\evivekc\.m2\repo1\m3-3.5.4\org\slf4j\jul-to-slf4j\2.0.7\jul-to-slf4j-2.0.7.jar;C:\Users\evivekc\.m2\repo1\m3-3.5.4\jakarta\annotation\jakarta.annotation-api\2.1.1\jakarta.annotation-api-2.1.1.jar;C:\Users\evivekc\.m2\repo1\m3-3.5.4\org\yaml\snakeyaml\1.33\snakeyaml-1.33.jar;C:\Users\evivekc\.m2\repo1\m3-3.5.4\org\mongodb\mongodb-driver-sync\4.8.2\mongodb-driver-sync-4.8.2.jar;C:\Users\evivekc\.m2\repo1\m3-3.5.4\org\mongodb\bson\4.8.2\bson-4.8.2.jar;C:\Users\evivekc\.m2\repo1\m3-3.5.4\org\mongodb\mongodb-driver-core\4.8.2\mongodb-driver-core-4.8.2.jar;C:\Users\evivekc\.m2\repo1\m3-3.5.4\org\mongodb\bson-record-codec\4.8.2\bson-record-codec-4.8.2.jar;C:\Users\evivekc\.m2\repo1\m3-3.5.4\org\springframework\data\spring-data-mongodb\4.0.8\spring-data-mongodb-4.0.8.jar;C:\Users\evivekc\.m2\repo1\m3-3.5.4\org\springframework\spring-tx\6.0.11\spring-tx-6.0.11.jar;C:\Users\evivekc\.m2\repo1\m3-3.5.4\org\springframework\spring-context\6.0.11\spring-context-6.0.11.jar;C:\Users\evivekc\.m2\repo1\m3-3.5.4\org\springframework\spring-beans\6.0.11\spring-beans-6.0.11.jar;C:\Users\evivekc\.m2\repo1\m3-3.5.4\org\springframework\spring-expression\6.0.11\spring-expression-6.0.11.jar;C:\Users\evivekc\.m2\repo1\m3-3.5.4\org\springframework\data\spring-data-commons\3.0.8\spring-data-commons-3.0.8.jar;C:\Users\evivekc\.m2\repo1\m3-3.5.4\org\slf4j\slf4j-api\2.0.7\slf4j-api-2.0.7.jar;C:\Users\evivekc\.m2\repo1\m3-3.5.4\org\springframework\boot\spring-boot-starter-web\3.0.9\spring-boot-starter-web-3.0.9.jar;C:\Users\evivekc\.m2\repo1\m3-3.5.4\org\springframework\boot\spring-boot-starter-json\3.0.9\spring-boot-starter-json-3.0.9.jar;C:\Users\evivekc\.m2\repo1\m3-3.5.4\com\fasterxml\jackson\core\jackson-databind\2.14.3\jackson-databind-2.14.3.jar;C:\Users\evivekc\.m2\repo1\m3-3.5.4\com\fasterxml\jackson\core\jackson-annotations\2.14.3\jackson-annotations-2.14.3.jar;C:\Users\evivekc\.m2\repo1\m3-3.5.4\com\fasterxml\jackson\core\jackson-core\2.14.3\jackson-core-2.14.3.jar;C:\Users\evivekc\.m2\repo1\m3-3.5.4\com\fasterxml\jackson\datatype\jackson-datatype-jdk8\2.14.3\jackson-datatype-jdk8-2.14.3.jar;C:\Users\evivekc\.m2\repo1\m3-3.5.4\com\fasterxml\jackson\datatype\jackson-datatype-jsr310\2.14.3\jackson-datatype-jsr310-2.14.3.jar;C:\Users\evivekc\.m2\repo1\m3-3.5.4\com\fasterxml\jackson\module\jackson-module-parameter-names\2.14.3\jackson-module-parameter-names-2.14.3.jar;C:\Users\evivekc\.m2\repo1\m3-3.5.4\org\springframework\boot\spring-boot-starter-tomcat\3.0.9\spring-boot-starter-tomcat-3.0.9.jar;C:\Users\evivekc\.m2\repo1\m3-3.5.4\org\apache\tomcat\embed\tomcat-embed-core\10.1.11\tomcat-embed-core-10.1.11.jar;C:\Users\evivekc\.m2\repo1\m3-3.5.4\org\apache\tomcat\embed\tomcat-embed-el\10.1.11\tomcat-embed-el-10.1.11.jar;C:\Users\evivekc\.m2\repo1\m3-3.5.4\org\apache\tomcat\embed\tomcat-embed-websocket\10.1.11\tomcat-embed-websocket-10.1.11.jar;C:\Users\evivekc\.m2\repo1\m3-3.5.4\org\springframework\spring-web\6.0.11\spring-web-6.0.11.jar;C:\Users\evivekc\.m2\repo1\m3-3.5.4\io\micrometer\micrometer-observation\1.10.9\micrometer-observation-1.10.9.jar;C:\Users\evivekc\.m2\repo1\m3-3.5.4\io\micrometer\micrometer-commons\1.10.9\micrometer-commons-1.10.9.jar;C:\Users\evivekc\.m2\repo1\m3-3.5.4\org\springframework\spring-webmvc\6.0.11\spring-webmvc-6.0.11.jar;C:\Users\evivekc\.m2\repo1\m3-3.5.4\org\springframework\spring-aop\6.0.11\spring-aop-6.0.11.jar;C:\Users\evivekc\.m2\repo1\m3-3.5.4\org\projectlombok\lombok\1.18.28\lombok-1.18.28.jar;C:\Users\evivekc\.m2\repo1\m3-3.5.4\org\springframework\boot\spring-boot-starter-test\3.0.9\spring-boot-starter-test-3.0.9.jar;C:\Users\evivekc\.m2\repo1\m3-3.5.4\org\springframework\boot\spring-boot-test\3.0.9\spring-boot-test-3.0.9.jar;C:\Users\evivekc\.m2\repo1\m3-3.5.4\org\springframework\boot\spring-boot-test-autoconfigure\3.0.9\spring-boot-test-autoconfigure-3.0.9.jar;C:\Users\evivekc\.m2\repo1\m3-3.5.4\com\jayway\jsonpath\json-path\2.7.0\json-path-2.7.0.jar;C:\Users\evivekc\.m2\repo1\m3-3.5.4\net\minidev\json-smart\2.4.11\json-smart-2.4.11.jar;C:\Users\evivekc\.m2\repo1\m3-3.5.4\net\minidev\accessors-smart\2.4.11\accessors-smart-2.4.11.jar;C:\Users\evivekc\.m2\repo1\m3-3.5.4\org\ow2\asm\asm\9.3\asm-9.3.jar;C:\Users\evivekc\.m2\repo1\m3-3.5.4\jakarta\xml\bind\jakarta.xml.bind-api\4.0.0\jakarta.xml.bind-api-4.0.0.jar;C:\Users\evivekc\.m2\repo1\m3-3.5.4\jakarta\activation\jakarta.activation-api\2.1.2\jakarta.activation-api-2.1.2.jar;C:\Users\evivekc\.m2\repo1\m3-3.5.4\org\assertj\assertj-core\3.23.1\assertj-core-3.23.1.jar;C:\Users\evivekc\.m2\repo1\m3-3.5.4\net\bytebuddy\byte-buddy\1.12.23\byte-buddy-1.12.23.jar;C:\Users\evivekc\.m2\repo1\m3-3.5.4\org\hamcrest\hamcrest\2.2\hamcrest-2.2.jar;C:\Users\evivekc\.m2\repo1\m3-3.5.4\org\junit\jupiter\junit-jupiter\5.9.3\junit-jupiter-5.9.3.jar;C:\Users\evivekc\.m2\repo1\m3-3.5.4\org\junit\jupiter\junit-jupiter-api\5.9.3\junit-jupiter-api-5.9.3.jar;C:\Users\evivekc\.m2\repo1\m3-3.5.4\org\opentest4j\opentest4j\1.2.0\opentest4j-1.2.0.jar;C:\Users\evivekc\.m2\repo1\m3-3.5.4\org\junit\platform\junit-platform-commons\1.9.3\junit-platform-commons-1.9.3.jar;C:\Users\evivekc\.m2\repo1\m3-3.5.4\org\apiguardian\apiguardian-api\1.1.2\apiguardian-api-1.1.2.jar;C:\Users\evivekc\.m2\repo1\m3-3.5.4\org\junit\jupiter\junit-jupiter-params\5.9.3\junit-jupiter-params-5.9.3.jar;C:\Users\evivekc\.m2\repo1\m3-3.5.4\org\junit\jupiter\junit-jupiter-engine\5.9.3\junit-jupiter-engine-5.9.3.jar;C:\Users\evivekc\.m2\repo1\m3-3.5.4\org\junit\platform\junit-platform-engine\1.9.3\junit-platform-engine-1.9.3.jar;C:\Users\evivekc\.m2\repo1\m3-3.5.4\org\mockito\mockito-core\4.8.1\mockito-core-4.8.1.jar;C:\Users\evivekc\.m2\repo1\m3-3.5.4\net\bytebuddy\byte-buddy-agent\1.12.23\byte-buddy-agent-1.12.23.jar;C:\Users\evivekc\.m2\repo1\m3-3.5.4\org\objenesis\objenesis\3.2\objenesis-3.2.jar;C:\Users\evivekc\.m2\repo1\m3-3.5.4\org\mockito\mockito-junit-jupiter\4.8.1\mockito-junit-jupiter-4.8.1.jar;C:\Users\evivekc\.m2\repo1\m3-3.5.4\org\skyscreamer\jsonassert\1.5.1\jsonassert-1.5.1.jar;C:\Users\evivekc\.m2\repo1\m3-3.5.4\com\vaadin\external\google\android-json\0.0.20131108.vaadin1\android-json-0.0.20131108.vaadin1.jar;C:\Users\evivekc\.m2\repo1\m3-3.5.4\org\springframework\spring-core\6.0.11\spring-core-6.0.11.jar;C:\Users\evivekc\.m2\repo1\m3-3.5.4\org\springframework\spring-jcl\6.0.11\spring-jcl-6.0.11.jar;C:\Users\evivekc\.m2\repo1\m3-3.5.4\org\springframework\spring-test\6.0.11\spring-test-6.0.11.jar;C:\Users\evivekc\.m2\repo1\m3-3.5.4\org\xmlunit\xmlunit-core\2.9.1\xmlunit-core-2.9.1.jar;"/>
    <property name="java.vm.vendor" value="Eclipse Adoptium"/>
    <property name="sun.arch.data.model" value="64"/>
    <property name="user.variant" value=""/>
    <property name="java.vendor.url" value="https://adoptium.net/"/>
    <property name="user.timezone" value="Asia/Calcutta"/>
    <property name="os.name" value="Windows 10"/>
    <property name="java.vm.specification.version" value="17"/>
    <property name="sun.java.launcher" value="SUN_STANDARD"/>
    <property name="user.country" value="US"/>
    <property name="sun.boot.library.path" value="C:\Program Files\Eclipse Adoptium\jdk-17.0.6.10-hotspot\bin"/>
    <property name="sun.java.command" value="C:\Users\evivekc\AppData\Local\Temp\surefire96197059230560888\surefirebooter14242330314660772441.jar C:\Users\evivekc\AppData\Local\Temp\surefire96197059230560888 2023-07-27T13-39-36_737-jvmRun1 surefire13342821289602263602tmp surefire_01676797245549038394tmp"/>
    <property name="jdk.debug" value="release"/>
    <property name="surefire.test.class.path" value="C:\Users\evivekc\Downloads\ProviderFeedbackScoops-master\ProviderScoops\target\test-classes;C:\Users\evivekc\Downloads\ProviderFeedbackScoops-master\ProviderScoops\target\classes;C:\Users\evivekc\.m2\repo1\m3-3.5.4\org\springframework\boot\spring-boot-starter-data-mongodb\3.0.9\spring-boot-starter-data-mongodb-3.0.9.jar;C:\Users\evivekc\.m2\repo1\m3-3.5.4\org\springframework\boot\spring-boot-starter\3.0.9\spring-boot-starter-3.0.9.jar;C:\Users\evivekc\.m2\repo1\m3-3.5.4\org\springframework\boot\spring-boot\3.0.9\spring-boot-3.0.9.jar;C:\Users\evivekc\.m2\repo1\m3-3.5.4\org\springframework\boot\spring-boot-autoconfigure\3.0.9\spring-boot-autoconfigure-3.0.9.jar;C:\Users\evivekc\.m2\repo1\m3-3.5.4\org\springframework\boot\spring-boot-starter-logging\3.0.9\spring-boot-starter-logging-3.0.9.jar;C:\Users\evivekc\.m2\repo1\m3-3.5.4\ch\qos\logback\logback-classic\1.4.8\logback-classic-1.4.8.jar;C:\Users\evivekc\.m2\repo1\m3-3.5.4\ch\qos\logback\logback-core\1.4.8\logback-core-1.4.8.jar;C:\Users\evivekc\.m2\repo1\m3-3.5.4\org\apache\logging\log4j\log4j-to-slf4j\2.19.0\log4j-to-slf4j-2.19.0.jar;C:\Users\evivekc\.m2\repo1\m3-3.5.4\org\apache\logging\log4j\log4j-api\2.19.0\log4j-api-2.19.0.jar;C:\Users\evivekc\.m2\repo1\m3-3.5.4\org\slf4j\jul-to-slf4j\2.0.7\jul-to-slf4j-2.0.7.jar;C:\Users\evivekc\.m2\repo1\m3-3.5.4\jakarta\annotation\jakarta.annotation-api\2.1.1\jakarta.annotation-api-2.1.1.jar;C:\Users\evivekc\.m2\repo1\m3-3.5.4\org\yaml\snakeyaml\1.33\snakeyaml-1.33.jar;C:\Users\evivekc\.m2\repo1\m3-3.5.4\org\mongodb\mongodb-driver-sync\4.8.2\mongodb-driver-sync-4.8.2.jar;C:\Users\evivekc\.m2\repo1\m3-3.5.4\org\mongodb\bson\4.8.2\bson-4.8.2.jar;C:\Users\evivekc\.m2\repo1\m3-3.5.4\org\mongodb\mongodb-driver-core\4.8.2\mongodb-driver-core-4.8.2.jar;C:\Users\evivekc\.m2\repo1\m3-3.5.4\org\mongodb\bson-record-codec\4.8.2\bson-record-codec-4.8.2.jar;C:\Users\evivekc\.m2\repo1\m3-3.5.4\org\springframework\data\spring-data-mongodb\4.0.8\spring-data-mongodb-4.0.8.jar;C:\Users\evivekc\.m2\repo1\m3-3.5.4\org\springframework\spring-tx\6.0.11\spring-tx-6.0.11.jar;C:\Users\evivekc\.m2\repo1\m3-3.5.4\org\springframework\spring-context\6.0.11\spring-context-6.0.11.jar;C:\Users\evivekc\.m2\repo1\m3-3.5.4\org\springframework\spring-beans\6.0.11\spring-beans-6.0.11.jar;C:\Users\evivekc\.m2\repo1\m3-3.5.4\org\springframework\spring-expression\6.0.11\spring-expression-6.0.11.jar;C:\Users\evivekc\.m2\repo1\m3-3.5.4\org\springframework\data\spring-data-commons\3.0.8\spring-data-commons-3.0.8.jar;C:\Users\evivekc\.m2\repo1\m3-3.5.4\org\slf4j\slf4j-api\2.0.7\slf4j-api-2.0.7.jar;C:\Users\evivekc\.m2\repo1\m3-3.5.4\org\springframework\boot\spring-boot-starter-web\3.0.9\spring-boot-starter-web-3.0.9.jar;C:\Users\evivekc\.m2\repo1\m3-3.5.4\org\springframework\boot\spring-boot-starter-json\3.0.9\spring-boot-starter-json-3.0.9.jar;C:\Users\evivekc\.m2\repo1\m3-3.5.4\com\fasterxml\jackson\core\jackson-databind\2.14.3\jackson-databind-2.14.3.jar;C:\Users\evivekc\.m2\repo1\m3-3.5.4\com\fasterxml\jackson\core\jackson-annotations\2.14.3\jackson-annotations-2.14.3.jar;C:\Users\evivekc\.m2\repo1\m3-3.5.4\com\fasterxml\jackson\core\jackson-core\2.14.3\jackson-core-2.14.3.jar;C:\Users\evivekc\.m2\repo1\m3-3.5.4\com\fasterxml\jackson\datatype\jackson-datatype-jdk8\2.14.3\jackson-datatype-jdk8-2.14.3.jar;C:\Users\evivekc\.m2\repo1\m3-3.5.4\com\fasterxml\jackson\datatype\jackson-datatype-jsr310\2.14.3\jackson-datatype-jsr310-2.14.3.jar;C:\Users\evivekc\.m2\repo1\m3-3.5.4\com\fasterxml\jackson\module\jackson-module-parameter-names\2.14.3\jackson-module-parameter-names-2.14.3.jar;C:\Users\evivekc\.m2\repo1\m3-3.5.4\org\springframework\boot\spring-boot-starter-tomcat\3.0.9\spring-boot-starter-tomcat-3.0.9.jar;C:\Users\evivekc\.m2\repo1\m3-3.5.4\org\apache\tomcat\embed\tomcat-embed-core\10.1.11\tomcat-embed-core-10.1.11.jar;C:\Users\evivekc\.m2\repo1\m3-3.5.4\org\apache\tomcat\embed\tomcat-embed-el\10.1.11\tomcat-embed-el-10.1.11.jar;C:\Users\evivekc\.m2\repo1\m3-3.5.4\org\apache\tomcat\embed\tomcat-embed-websocket\10.1.11\tomcat-embed-websocket-10.1.11.jar;C:\Users\evivekc\.m2\repo1\m3-3.5.4\org\springframework\spring-web\6.0.11\spring-web-6.0.11.jar;C:\Users\evivekc\.m2\repo1\m3-3.5.4\io\micrometer\micrometer-observation\1.10.9\micrometer-observation-1.10.9.jar;C:\Users\evivekc\.m2\repo1\m3-3.5.4\io\micrometer\micrometer-commons\1.10.9\micrometer-commons-1.10.9.jar;C:\Users\evivekc\.m2\repo1\m3-3.5.4\org\springframework\spring-webmvc\6.0.11\spring-webmvc-6.0.11.jar;C:\Users\evivekc\.m2\repo1\m3-3.5.4\org\springframework\spring-aop\6.0.11\spring-aop-6.0.11.jar;C:\Users\evivekc\.m2\repo1\m3-3.5.4\org\projectlombok\lombok\1.18.28\lombok-1.18.28.jar;C:\Users\evivekc\.m2\repo1\m3-3.5.4\org\springframework\boot\spring-boot-starter-test\3.0.9\spring-boot-starter-test-3.0.9.jar;C:\Users\evivekc\.m2\repo1\m3-3.5.4\org\springframework\boot\spring-boot-test\3.0.9\spring-boot-test-3.0.9.jar;C:\Users\evivekc\.m2\repo1\m3-3.5.4\org\springframework\boot\spring-boot-test-autoconfigure\3.0.9\spring-boot-test-autoconfigure-3.0.9.jar;C:\Users\evivekc\.m2\repo1\m3-3.5.4\com\jayway\jsonpath\json-path\2.7.0\json-path-2.7.0.jar;C:\Users\evivekc\.m2\repo1\m3-3.5.4\net\minidev\json-smart\2.4.11\json-smart-2.4.11.jar;C:\Users\evivekc\.m2\repo1\m3-3.5.4\net\minidev\accessors-smart\2.4.11\accessors-smart-2.4.11.jar;C:\Users\evivekc\.m2\repo1\m3-3.5.4\org\ow2\asm\asm\9.3\asm-9.3.jar;C:\Users\evivekc\.m2\repo1\m3-3.5.4\jakarta\xml\bind\jakarta.xml.bind-api\4.0.0\jakarta.xml.bind-api-4.0.0.jar;C:\Users\evivekc\.m2\repo1\m3-3.5.4\jakarta\activation\jakarta.activation-api\2.1.2\jakarta.activation-api-2.1.2.jar;C:\Users\evivekc\.m2\repo1\m3-3.5.4\org\assertj\assertj-core\3.23.1\assertj-core-3.23.1.jar;C:\Users\evivekc\.m2\repo1\m3-3.5.4\net\bytebuddy\byte-buddy\1.12.23\byte-buddy-1.12.23.jar;C:\Users\evivekc\.m2\repo1\m3-3.5.4\org\hamcrest\hamcrest\2.2\hamcrest-2.2.jar;C:\Users\evivekc\.m2\repo1\m3-3.5.4\org\junit\jupiter\junit-jupiter\5.9.3\junit-jupiter-5.9.3.jar;C:\Users\evivekc\.m2\repo1\m3-3.5.4\org\junit\jupiter\junit-jupiter-api\5.9.3\junit-jupiter-api-5.9.3.jar;C:\Users\evivekc\.m2\repo1\m3-3.5.4\org\opentest4j\opentest4j\1.2.0\opentest4j-1.2.0.jar;C:\Users\evivekc\.m2\repo1\m3-3.5.4\org\junit\platform\junit-platform-commons\1.9.3\junit-platform-commons-1.9.3.jar;C:\Users\evivekc\.m2\repo1\m3-3.5.4\org\apiguardian\apiguardian-api\1.1.2\apiguardian-api-1.1.2.jar;C:\Users\evivekc\.m2\repo1\m3-3.5.4\org\junit\jupiter\junit-jupiter-params\5.9.3\junit-jupiter-params-5.9.3.jar;C:\Users\evivekc\.m2\repo1\m3-3.5.4\org\junit\jupiter\junit-jupiter-engine\5.9.3\junit-jupiter-engine-5.9.3.jar;C:\Users\evivekc\.m2\repo1\m3-3.5.4\org\junit\platform\junit-platform-engine\1.9.3\junit-platform-engine-1.9.3.jar;C:\Users\evivekc\.m2\repo1\m3-3.5.4\org\mockito\mockito-core\4.8.1\mockito-core-4.8.1.jar;C:\Users\evivekc\.m2\repo1\m3-3.5.4\net\bytebuddy\byte-buddy-agent\1.12.23\byte-buddy-agent-1.12.23.jar;C:\Users\evivekc\.m2\repo1\m3-3.5.4\org\objenesis\objenesis\3.2\objenesis-3.2.jar;C:\Users\evivekc\.m2\repo1\m3-3.5.4\org\mockito\mockito-junit-jupiter\4.8.1\mockito-junit-jupiter-4.8.1.jar;C:\Users\evivekc\.m2\repo1\m3-3.5.4\org\skyscreamer\jsonassert\1.5.1\jsonassert-1.5.1.jar;C:\Users\evivekc\.m2\repo1\m3-3.5.4\com\vaadin\external\google\android-json\0.0.20131108.vaadin1\android-json-0.0.20131108.vaadin1.jar;C:\Users\evivekc\.m2\repo1\m3-3.5.4\org\springframework\spring-core\6.0.11\spring-core-6.0.11.jar;C:\Users\evivekc\.m2\repo1\m3-3.5.4\org\springframework\spring-jcl\6.0.11\spring-jcl-6.0.11.jar;C:\Users\evivekc\.m2\repo1\m3-3.5.4\org\springframework\spring-test\6.0.11\spring-test-6.0.11.jar;C:\Users\evivekc\.m2\repo1\m3-3.5.4\org\xmlunit\xmlunit-core\2.9.1\xmlunit-core-2.9.1.jar;"/>
    <property name="sun.cpu.endian" value="little"/>
    <property name="user.home" value="C:\Users\evivekc"/>
    <property name="user.language" value="en"/>
    <property name="java.specification.vendor" value="Oracle Corporation"/>
    <property name="java.version.date" value="2023-01-17"/>
    <property name="java.home" value="C:\Program Files\Eclipse Adoptium\jdk-17.0.6.10-hotspot"/>
    <property name="file.separator" value="\"/>
    <property name="basedir" value="C:\Users\evivekc\Downloads\ProviderFeedbackScoops-master\ProviderScoops"/>
    <property name="java.vm.compressedOopsMode" value="Zero based"/>
    <property name="line.separator" value="&#10;"/>
    <property name="java.vm.specification.vendor" value="Oracle Corporation"/>
    <property name="java.specification.name" value="Java Platform API Specification"/>
    <property name="surefire.real.class.path" value="C:\Users\evivekc\AppData\Local\Temp\surefire96197059230560888\surefirebooter14242330314660772441.jar"/>
    <property name="user.script" value=""/>
    <property name="sun.management.compiler" value="HotSpot 64-Bit Tiered Compilers"/>
    <property name="java.runtime.version" value="17.0.6+10"/>
    <property name="user.name" value="evivekc"/>
    <property name="path.separator" value=";"/>
    <property name="os.version" value="10.0"/>
    <property name="java.runtime.name" value="OpenJDK Runtime Environment"/>
    <property name="file.encoding" value="Cp1252"/>
    <property name="java.vm.name" value="OpenJDK 64-Bit Server VM"/>
    <property name="java.vendor.version" value="Temurin-17.0.6+10"/>
    <property name="localRepository" value="C:\Users\evivekc\.m2\repo1\m3-3.5.4"/>
    <property name="java.vendor.url.bug" value="https://github.com/adoptium/adoptium-support/issues"/>
    <property name="java.io.tmpdir" value="C:\Users\evivekc\AppData\Local\Temp\"/>
    <property name="idea.version" value="2022.2.1"/>
    <property name="java.version" value="17.0.6"/>
    <property name="user.dir" value="C:\Users\evivekc\Downloads\ProviderFeedbackScoops-master\ProviderScoops"/>
    <property name="os.arch" value="amd64"/>
    <property name="java.vm.specification.name" value="Java Virtual Machine Specification"/>
    <property name="sun.os.patch.level" value=""/>
    <property name="native.encoding" value="Cp1252"/>
    <property name="java.library.path" value="C:\Program Files\Eclipse Adoptium\jdk-17.0.6.10-hotspot\bin;C:\Windows\Sun\Java\bin;C:\Windows\system32;C:\Windows;C:\Program Files\Eclipse Adoptium\jdk-11.0.18.10-hotspot\bin;C:\Program Files\Eclipse Adoptium\jdk-17.0.6.10-hotspot\bin;C:\Windows\system32;C:\Windows;C:\Windows\System32\Wbem;C:\Windows\System32\WindowsPowerShell\v1.0\;C:\Windows\System32\OpenSSH\;C:\Windows\DES_Tools;C:\Program Files\Altiris\DAgent;C:\Program Files\SafeNet\Authentication\SAC\x64;C:\Program Files\SafeNet\Authentication\SAC\x32;C:\Program Files (x86)\Plantronics\Spokes3G\;C:\Program Files\AppSense\DataNow\Agent\;C:\Program Files\Git\cmd;C:\Program Files\Maven\apache-maven-3.8.2\bin;C:\Users\evivekc\AppData\Local\Microsoft\WindowsApps;;."/>
    <property name="java.vm.info" value="mixed mode, sharing"/>
    <property name="java.vendor" value="Eclipse Adoptium"/>
    <property name="java.vm.version" value="17.0.6+10"/>
    <property name="sun.io.unicode.encoding" value="UnicodeLittle"/>
    <property name="java.class.version" value="61.0"/>
  </properties>
  <testcase name="contextLoads" classname="com.example.ProviderScoops.ProviderScoopsApplicationTests" time="0.856"/>
</testsuite>